======================================================
 - pinning rule in use   : PINNING_RULE_MCALC_SKIP_ALL
 - desired group         : 0, sockets = 0
 - num cores available   : 8
 - num accessible procs  : 8
 - num logical procs     : 8
 - affinity (main thread): 1111 1111 
 - sockets               : 0
 - potential cores       : 0,2,4,6
 - affinity              : 1111
 - active cores          : 0,2,4,6
 - hyperthreading        : on
 - allowed socket ids    : 0
 - allowed core ids      : 0,2,4,6
 - used mask (string)    : 1010 1010 
======================================================

========================================================================
Processing CAD model (for field results)
	[Improved internal geometry representation]
	[Accuracy improvement for long shapes in inhomogeneous mesh regions]
Version 2019.5 (build 20190426)
PBA version 2019042619
2019 Nov 24 (Sun): 23:25:48
========================================================================

===========================================
Finished CAD processing (for field results)
===========================================

======================================================
 - pinning rule in use   : PINNING_RULE_MCALC_SKIP_ALL
 - desired group         : 0, sockets = 0
 - num cores available   : 8
 - num accessible procs  : 8
 - num logical procs     : 8
 - affinity (main thread): 1111 1111 
 - sockets               : 0
 - potential cores       : 0,2,4,6
 - affinity              : 1111
 - active cores          : 0,2,4,6
 - hyperthreading        : on
 - allowed socket ids    : 0
 - allowed core ids      : 0,2,4,6
 - used mask (string)    : 1010 1010 
======================================================

========================================================================
Processing CAD model
	[Improved internal geometry representation]
	[Accuracy improvement for long shapes in inhomogeneous mesh regions]
Version 2019.5 (build 20190426)
PBA version 2019042619
2019 Nov 24 (Sun): 23:26:32
========================================================================

----------------------------------------------
Used point accuracy enhancement value: 75.00%.
----------------------------------------------

=============================================================================
Mesh statistics:
-----------------------------------------------------------------------------
Minimum edge length (x): 1 @ mesh line 1 (x)
Maximum edge length (x): 17.8 @ mesh line 35 (x)
Minimum face area (x): 1 @ mesh lines 41 | 9 (y | z)
Maximum face area (x): 316 @ mesh lines 62 | 17 (y | z)
Minimum edge length (y): 1 @ mesh line 41 (y)
Maximum edge length (y): 17.8 @ mesh line 62 (y)
Minimum face area (y): 1 @ mesh lines 9 | 1 (z | x)
Maximum face area (y): 316 @ mesh lines 17 | 35 (z | x)
Minimum edge length (z): 1 @ mesh line 9 (z)
Maximum edge length (z): 17.8 @ mesh line 17 (z)
Minimum face area (z): 1 @ mesh lines 1 | 41 (x | y)
Maximum face area (z): 316 @ mesh lines 35 | 62 (x | y)
Maximum mesh face aspect ratio (x): 17.8 : 1.0  @ mesh lines 62 | 9 (y | z)
Maximum mesh face aspect ratio (y): 17.8 : 1.0  @ mesh lines 9 | 35 (z | x)
Maximum mesh face aspect ratio (z): 17.8 : 1.0  @ mesh lines 1 | 62 (x | y)
=============================================================================

=============================================================================
Available resources to store TST cells: 2147434247 (4347032.89% of mesh size)
=============================================================================

==================================================================================================
== CST Matrix Calculation Priority Log                                                          ==
==================================================================================================
 
Priorities are sorted in ascending order beginning with the lowest priority
 
Priority:   1, shape   7: Coax:Dielectric, material: PTFE (lossy), float:   0.00e+00, wire: false, sheet: false, human: false, PEC: false, SI: false, face port:   0, feature ID:      -1
Priority:   1, shape   1: Antenna:Dielectric, material: G-10 (lossy), float:   0.00e+00, wire: false, sheet: false, human: false, PEC: false, SI: false, face port:   0, feature ID:      -1
Priority:   2, shape   9: Coax:Outer Conductor, material: Copper (pure), float:   0.00e+00, wire: false, sheet: false, human: false, PEC:  true, SI:  true, face port:   0, feature ID:      -1
Priority:   2, shape   8: Coax:Inner Conductor, material: Copper (pure), float:   0.00e+00, wire: false, sheet: false, human: false, PEC:  true, SI:  true, face port:   0, feature ID:      -1
Priority:   2, shape   6: Antenna:Patch, material: Copper (pure), float:   0.00e+00, wire: false, sheet: false, human: false, PEC:  true, SI:  true, face port:   0, feature ID:      -1
Priority:   2, shape   5: Antenna:Microstrip 2, material: Copper (pure), float:   0.00e+00, wire: false, sheet: false, human: false, PEC:  true, SI:  true, face port:   0, feature ID:      -1
Priority:   2, shape   4: Antenna:Microstrip 1, material: Copper (pure), float:   0.00e+00, wire: false, sheet: false, human: false, PEC:  true, SI:  true, face port:   0, feature ID:      -1
Priority:   2, shape   3: Antenna:Hexagon Patch, material: Copper (pure), float:   0.00e+00, wire: false, sheet: false, human: false, PEC:  true, SI:  true, face port:   0, feature ID:      -1
Priority:   2, shape   2: Antenna:Ground Plane, material: Copper (pure), float:   0.00e+00, wire: false, sheet: false, human: false, PEC:  true, SI:  true, face port:   0, feature ID:      -1
 
==================================================================================================
 
====================================================
PBA version: default
Geo accuracy: 75.000000
PEC background is represented by CAD geometry: false
Watertightness check: true
Self intersection check: false
Inheritance (all): false
Normal dominance (all): false
Normal dominance (ports): false
Flanges hollow: true
One shape per flange: false
====================================================
=======================
Finished CAD processing
=======================

------------------------------------------------------------
Parallelization Info
------------------------------------------------------------
Number of concurrent threads: 1
Number of node domains: 1
Number of mesh fill domains: 8
Memory downscale: 1
CPU load: 25.00%
Emptiness: 0.00%
Hex mesh complexity: 0.04
Geometric complexity: 0.00
------------------------------------------------------------
Node order
0
------------------------------------------------------------

1xN000:  <<<<<<<<<<<<<<<<<<<<<<<<
         2019 Nov24 (Sun): 232633
         <<<<<<<<<<<<<<<<<<<<<<<<

1xN000:  ======================================================
          - pinning rule in use   : PINNING_RULE_MCALC_SKIP_ALL
          - desired group         : 0, sockets = 0
          - num cores available   : 8
          - num accessible procs  : 8
          - num logical procs     : 8
          - affinity (main thread): 1111 1111
          - sockets               : 0
          - potential cores       : 0,2,4,6
          - affinity              : 1111
          - active cores          : 0,2,4,6
          - hyperthreading        : on
          - allowed socket ids    : 0
          - allowed core ids      : 0,2,4,6
          - used mask (string)    : 1010 1010

         ======================================================

1xN000:  =======================================
         Matrix computation (PBA)
         	[Gaps between metals are preserved]
         	[PBA version: default]
         Version 2019.5 (build 20190426)
         PBA version 2019042619
         2019 Nov 24 (Sun): 23:26:33
         =======================================

1xN000:  ----------------------------------------------
         Used point accuracy enhancement value: 75.00%.
         ----------------------------------------------

1xN000:  Shapes are ordered to support shape wise matrix storage
1xN000:  ==================================================================================================
         == CST Matrix Calculation Priority Log                                                          ==
         ==================================================================================================

         Priorities are sorted in ascending order beginning with the lowest priority

         Priority:   3, shape   1: Antenna:Dielectric, material: G-10 (lossy)
         Priority:   3, shape   7: Coax:Dielectric, material: PTFE (lossy)
         Priority:   4, shape   2: Antenna:Ground Plane, material: Copper (pure)
         Priority:   4, shape   3: Antenna:Hexagon Patch, material: Copper (pure)
         Priority:   4, shape   4: Antenna:Microstrip 1, material: Copper (pure)
         Priority:   4, shape   5: Antenna:Microstrip 2, material: Copper (pure)
         Priority:   4, shape   6: Antenna:Patch, material: Copper (pure)
         Priority:   4, shape   8: Coax:Inner Conductor, material: Copper (pure)
         Priority:   4, shape   9: Coax:Outer Conductor, material: Copper (pure)

         ==================================================================================================

1xN000:  Gap-Detection activated for FARM-topology. Gaps are resolved, even partially.: gap tolerance value is 0.001 and mesh geometry scale is 0.001
1xN000:  cccccccccccccccccccccccccccccccccccccccccccccccccccccccccccccccccccc
         FARM/Meshfill cache is set to 8 (local FI domains: 8, dynamic: true)
         cccccccccccccccccccccccccccccccccccccccccccccccccccccccccccccccccccc

1xN000:  ssssssssssssssssssssssssssssssssssssssssss
         # of curls with SI accuracy enhancement: 0
         ssssssssssssssssssssssssssssssssssssssssss

1xN000:  ------------------------------------------------------------------------------
         PBA fill limit is applied in inverse mode.
         PBA fill limit is applied on faces filled with at least 99.00% metal material.
         --------------------------------------------------------------
         detailed accuracy settings:
         --------------------------------------------------------------
         augmented fill limit:       true
         augmented fill limit value: 99.00
         automatic fill limit:       true
         early fill limit:           true
         inverse fill limit:         true
         model complexity:           0.00
         legacy 2015:                false
         fixed point accuracy:       false
         minimum point accuracy:     0
         mesh step inheritance:      false
         accuracy mode:
         ------------------------------------------------------------------------------

1xN000:  =================================
         Finished matrix computation (PBA)
         =================================

1xN000:  >>>>>>>>>>>>>>>>>>>>>>>>
         2019 Nov24 (Sun): 232654
         >>>>>>>>>>>>>>>>>>>>>>>>



--------------------------------
# of staircase filled cells: 0
# of staircase filled areas: 0
# of staircase filled edges: 0
# of faces above fill limit: 0
# of edges with FPBA topology: 0
--------------------------------

